{"D:\\programowanie\\goit\\Node2\\node-app-test\\integration\\app.js": {"path":"D:\\programowanie\\goit\\Node2\\node-app-test\\integration\\app.js","statementMap":{"0":{"start":{"line":1,"column":16},"end":{"line":1,"column":34}},"1":{"start":{"line":2,"column":15},"end":{"line":2,"column":34}},"2":{"start":{"line":4,"column":12},"end":{"line":4,"column":25}},"3":{"start":{"line":6,"column":0},"end":{"line":6,"column":24}},"4":{"start":{"line":7,"column":0},"end":{"line":7,"column":24}},"5":{"start":{"line":9,"column":0},"end":{"line":9,"column":21}}},"fnMap":{},"branchMap":{},"s":{"0":2,"1":2,"2":2,"3":2,"4":2,"5":2},"f":{},"b":{},"_coverageSchema":"1a1c01bbd47fc00a2c39e90264f33305004495a9","hash":"51c26e5fdd4a05782865536ec92d5576aae4d7be"}
,"D:\\programowanie\\goit\\Node2\\node-app-test\\integration\\db.js": {"path":"D:\\programowanie\\goit\\Node2\\node-app-test\\integration\\db.js","statementMap":{"0":{"start":{"line":1,"column":17},"end":{"line":1,"column":36}},"1":{"start":{"line":3,"column":0},"end":{"line":6,"column":2}},"2":{"start":{"line":4,"column":22},"end":{"line":4,"column":43}},"3":{"start":{"line":5,"column":22},"end":{"line":5,"column":49}}},"fnMap":{"0":{"name":"(anonymous_0)","decl":{"start":{"line":4,"column":13},"end":{"line":4,"column":14}},"loc":{"start":{"line":4,"column":22},"end":{"line":4,"column":43}},"line":4},"1":{"name":"(anonymous_1)","decl":{"start":{"line":5,"column":16},"end":{"line":5,"column":17}},"loc":{"start":{"line":5,"column":22},"end":{"line":5,"column":49}},"line":5}},"branchMap":{},"s":{"0":1,"1":1,"2":1,"3":1},"f":{"0":1,"1":1},"b":{},"_coverageSchema":"1a1c01bbd47fc00a2c39e90264f33305004495a9","hash":"2c19e32079a47baef62eef0bae5a73996b0be50c"}
,"D:\\programowanie\\goit\\Node2\\node-app-test\\integration\\controllers\\hello.js": {"path":"D:\\programowanie\\goit\\Node2\\node-app-test\\integration\\controllers\\hello.js","statementMap":{"0":{"start":{"line":1,"column":12},"end":{"line":3,"column":1}},"1":{"start":{"line":2,"column":4},"end":{"line":2,"column":22}},"2":{"start":{"line":5,"column":0},"end":{"line":5,"column":25}}},"fnMap":{"0":{"name":"(anonymous_0)","decl":{"start":{"line":1,"column":12},"end":{"line":1,"column":13}},"loc":{"start":{"line":1,"column":26},"end":{"line":3,"column":1}},"line":1}},"branchMap":{},"s":{"0":2,"1":1,"2":2},"f":{"0":1},"b":{},"_coverageSchema":"1a1c01bbd47fc00a2c39e90264f33305004495a9","hash":"7fb49cb41434c2f6ba0c1e9935c45bd961b4971f"}
,"D:\\programowanie\\goit\\Node2\\node-app-test\\integration\\controllers\\user.js": {"path":"D:\\programowanie\\goit\\Node2\\node-app-test\\integration\\controllers\\user.js","statementMap":{"0":{"start":{"line":1,"column":13},"end":{"line":1,"column":38}},"1":{"start":{"line":3,"column":20},"end":{"line":6,"column":1}},"2":{"start":{"line":4,"column":4},"end":{"line":4,"column":30}},"3":{"start":{"line":5,"column":4},"end":{"line":5,"column":27}},"4":{"start":{"line":8,"column":19},"end":{"line":11,"column":1}},"5":{"start":{"line":9,"column":4},"end":{"line":9,"column":32}},"6":{"start":{"line":10,"column":4},"end":{"line":10,"column":49}},"7":{"start":{"line":13,"column":17},"end":{"line":20,"column":1}},"8":{"start":{"line":14,"column":4},"end":{"line":19,"column":5}},"9":{"start":{"line":15,"column":22},"end":{"line":15,"column":48}},"10":{"start":{"line":16,"column":8},"end":{"line":16,"column":24}},"11":{"start":{"line":18,"column":8},"end":{"line":18,"column":51}},"12":{"start":{"line":22,"column":0},"end":{"line":26,"column":2}}},"fnMap":{"0":{"name":"(anonymous_0)","decl":{"start":{"line":3,"column":20},"end":{"line":3,"column":21}},"loc":{"start":{"line":3,"column":40},"end":{"line":6,"column":1}},"line":3},"1":{"name":"(anonymous_1)","decl":{"start":{"line":8,"column":19},"end":{"line":8,"column":20}},"loc":{"start":{"line":8,"column":39},"end":{"line":11,"column":1}},"line":8},"2":{"name":"(anonymous_2)","decl":{"start":{"line":13,"column":17},"end":{"line":13,"column":18}},"loc":{"start":{"line":13,"column":37},"end":{"line":20,"column":1}},"line":13}},"branchMap":{},"s":{"0":2,"1":2,"2":1,"3":1,"4":2,"5":1,"6":1,"7":2,"8":1,"9":1,"10":1,"11":0,"12":2},"f":{"0":1,"1":1,"2":1},"b":{},"_coverageSchema":"1a1c01bbd47fc00a2c39e90264f33305004495a9","hash":"8de2573950e7fc8e67b326593fdc4ebc9edf3f7d"}
,"D:\\programowanie\\goit\\Node2\\node-app-test\\integration\\models\\User.js": {"path":"D:\\programowanie\\goit\\Node2\\node-app-test\\integration\\models\\User.js","statementMap":{"0":{"start":{"line":1,"column":17},"end":{"line":1,"column":36}},"1":{"start":{"line":3,"column":19},"end":{"line":14,"column":2}},"2":{"start":{"line":16,"column":13},"end":{"line":16,"column":47}},"3":{"start":{"line":18,"column":0},"end":{"line":18,"column":22}}},"fnMap":{},"branchMap":{},"s":{"0":2,"1":2,"2":2,"3":2},"f":{},"b":{},"_coverageSchema":"1a1c01bbd47fc00a2c39e90264f33305004495a9","hash":"368fc3175064da87a38ef8de0d5a5ee3ea3cb46d"}
,"D:\\programowanie\\goit\\Node2\\node-app-test\\integration\\routes\\index.js": {"path":"D:\\programowanie\\goit\\Node2\\node-app-test\\integration\\routes\\index.js","statementMap":{"0":{"start":{"line":1,"column":16},"end":{"line":1,"column":34}},"1":{"start":{"line":3,"column":15},"end":{"line":3,"column":35}},"2":{"start":{"line":6,"column":13},"end":{"line":6,"column":43}},"3":{"start":{"line":7,"column":14},"end":{"line":7,"column":45}},"4":{"start":{"line":9,"column":0},"end":{"line":9,"column":32}},"5":{"start":{"line":11,"column":0},"end":{"line":11,"column":36}},"6":{"start":{"line":12,"column":0},"end":{"line":12,"column":39}},"7":{"start":{"line":13,"column":0},"end":{"line":13,"column":42}},"8":{"start":{"line":15,"column":0},"end":{"line":15,"column":24}}},"fnMap":{},"branchMap":{},"s":{"0":2,"1":2,"2":2,"3":2,"4":2,"5":2,"6":2,"7":2,"8":2},"f":{},"b":{},"_coverageSchema":"1a1c01bbd47fc00a2c39e90264f33305004495a9","hash":"94f444a8c8f407d1230f514c98b52be0abf40a41"}
}
